<?xml version="1.0" encoding="UTF-8"?>
<!-- Generated by org.testng.reporters.JUnitXMLReporter -->
<testsuite hostname="DESKTOP-EO76CVF" ignored="0" name="testngTest" tests="2" failures="2" timestamp="15 Mar 2020 12:39:21 GMT" time="39.55" errors="0">
  <testcase name="logIn" time="0.009" classname="com.iNetbanking.testcases.TC_Logintest_001">
    <failure type="java.lang.NullPointerException">
      <![CDATA[java.lang.NullPointerException
at com.iNetbanking.testcases.TC_Logintest_001.logIn(TC_Logintest_001.java:12)
... Removed 25 stack frames]]>
    </failure>
  </testcase> <!-- logIn -->
  <testcase name="headerlogos" time="6.738" classname="com.iNetbanking.testcases.TC_HeaderLogoDisplayed_002">
    <failure type="java.lang.NullPointerException">
      <![CDATA[java.lang.NullPointerException
at com.iNetbanking.testcases.TC_HeaderLogoDisplayed_002.headerlogos(TC_HeaderLogoDisplayed_002.java:15)
... Removed 25 stack frames]]>
    </failure>
  </testcase> <!-- headerlogos -->
</testsuite> <!-- testngTest -->
